<?xml version="1.0" encoding="UTF-8"?>
<testng-results ignored="0" total="1" passed="1" failed="0" skipped="0">
  <reporter-output>
  </reporter-output>
  <suite started-at="2024-04-06T14:47:10 IST" name="Default suite" finished-at="2024-04-06T14:49:24 IST" duration-ms="133480">
    <groups>
    </groups>
    <test started-at="2024-04-06T14:47:10 IST" name="Default test" finished-at="2024-04-06T14:49:24 IST" duration-ms="133480">
      <class name="test.Fuction">
        <test-method is-config="true" signature="setup()[pri:0, instance:test.Fuction@33d512c1]" started-at="2024-04-06T14:47:10 IST" name="setup" finished-at="2024-04-06T14:47:12 IST" duration-ms="1083" status="PASS">
          <reporter-output>
          </reporter-output>
        </test-method> <!-- setup -->
        <test-method is-config="true" signature="url()[pri:0, instance:test.Fuction@33d512c1]" started-at="2024-04-06T14:47:12 IST" name="url" finished-at="2024-04-06T14:47:28 IST" duration-ms="15966" status="PASS">
          <reporter-output>
          </reporter-output>
        </test-method> <!-- url -->
        <test-method signature="test()[pri:0, instance:test.Fuction@33d512c1]" started-at="2024-04-06T14:47:28 IST" name="test" finished-at="2024-04-06T14:49:24 IST" duration-ms="116401" status="PASS">
          <reporter-output>
          </reporter-output>
        </test-method> <!-- test -->
      </class> <!-- test.Fuction -->
    </test> <!-- Default test -->
  </suite> <!-- Default suite -->
</testng-results>
